Determining if the pthread_create exist failed with the following output:
Change Dir: /home/vmuthuk2/Downloads/GEH_vvo_mqtt-test/GEH-slave-2/Broker/CMakeFiles/CMakeTmp

Run Build Command:"/usr/bin/make" "cmTC_bfc63/fast"
/usr/bin/make -f CMakeFiles/cmTC_bfc63.dir/build.make CMakeFiles/cmTC_bfc63.dir/build
make[1]: Entering directory '/home/vmuthuk2/Downloads/GEH_vvo_mqtt-test/GEH-slave-2/Broker/CMakeFiles/CMakeTmp'
Building C object CMakeFiles/cmTC_bfc63.dir/CheckSymbolExists.c.o
/usr/bin/cc     -o CMakeFiles/cmTC_bfc63.dir/CheckSymbolExists.c.o   -c /home/vmuthuk2/Downloads/GEH_vvo_mqtt-test/GEH-slave-2/Broker/CMakeFiles/CMakeTmp/CheckSymbolExists.c
Linking C executable cmTC_bfc63
/usr/bin/cmake -E cmake_link_script CMakeFiles/cmTC_bfc63.dir/link.txt --verbose=1
/usr/bin/cc       CMakeFiles/cmTC_bfc63.dir/CheckSymbolExists.c.o  -o cmTC_bfc63 -rdynamic 
CMakeFiles/cmTC_bfc63.dir/CheckSymbolExists.c.o: In function `main':
CheckSymbolExists.c:(.text+0x16): undefined reference to `pthread_create'
collect2: error: ld returned 1 exit status
CMakeFiles/cmTC_bfc63.dir/build.make:97: recipe for target 'cmTC_bfc63' failed
make[1]: *** [cmTC_bfc63] Error 1
make[1]: Leaving directory '/home/vmuthuk2/Downloads/GEH_vvo_mqtt-test/GEH-slave-2/Broker/CMakeFiles/CMakeTmp'
Makefile:126: recipe for target 'cmTC_bfc63/fast' failed
make: *** [cmTC_bfc63/fast] Error 2

File /home/vmuthuk2/Downloads/GEH_vvo_mqtt-test/GEH-slave-2/Broker/CMakeFiles/CMakeTmp/CheckSymbolExists.c:
/* */
#include <pthread.h>

int main(int argc, char** argv)
{
  (void)argv;
#ifndef pthread_create
  return ((int*)(&pthread_create))[argc];
#else
  (void)argc;
  return 0;
#endif
}

Determining if the function pthread_create exists in the pthreads failed with the following output:
Change Dir: /home/vmuthuk2/Downloads/GEH_vvo_mqtt-test/GEH-slave-2/Broker/CMakeFiles/CMakeTmp

Run Build Command:"/usr/bin/make" "cmTC_89e6f/fast"
/usr/bin/make -f CMakeFiles/cmTC_89e6f.dir/build.make CMakeFiles/cmTC_89e6f.dir/build
make[1]: Entering directory '/home/vmuthuk2/Downloads/GEH_vvo_mqtt-test/GEH-slave-2/Broker/CMakeFiles/CMakeTmp'
Building C object CMakeFiles/cmTC_89e6f.dir/CheckFunctionExists.c.o
/usr/bin/cc    -DCHECK_FUNCTION_EXISTS=pthread_create   -o CMakeFiles/cmTC_89e6f.dir/CheckFunctionExists.c.o   -c /usr/share/cmake-3.5/Modules/CheckFunctionExists.c
Linking C executable cmTC_89e6f
/usr/bin/cmake -E cmake_link_script CMakeFiles/cmTC_89e6f.dir/link.txt --verbose=1
/usr/bin/cc   -DCHECK_FUNCTION_EXISTS=pthread_create    CMakeFiles/cmTC_89e6f.dir/CheckFunctionExists.c.o  -o cmTC_89e6f -rdynamic -lpthreads 
/usr/bin/ld: cannot find -lpthreads
collect2: error: ld returned 1 exit status
CMakeFiles/cmTC_89e6f.dir/build.make:97: recipe for target 'cmTC_89e6f' failed
make[1]: *** [cmTC_89e6f] Error 1
make[1]: Leaving directory '/home/vmuthuk2/Downloads/GEH_vvo_mqtt-test/GEH-slave-2/Broker/CMakeFiles/CMakeTmp'
Makefile:126: recipe for target 'cmTC_89e6f/fast' failed
make: *** [cmTC_89e6f/fast] Error 2


Determining if the pthread_create exist failed with the following output:
Change Dir: /home/vmuthuk2/Desktop/GEH_vvo_mqtt-test_Copy/GEH-slave-2/Broker/CMakeFiles/CMakeTmp

Run Build Command:"/usr/bin/make" "cmTC_6e03d/fast"
/usr/bin/make -f CMakeFiles/cmTC_6e03d.dir/build.make CMakeFiles/cmTC_6e03d.dir/build
make[1]: Entering directory '/home/vmuthuk2/Desktop/GEH_vvo_mqtt-test_Copy/GEH-slave-2/Broker/CMakeFiles/CMakeTmp'
Building C object CMakeFiles/cmTC_6e03d.dir/CheckSymbolExists.c.o
/usr/bin/cc     -o CMakeFiles/cmTC_6e03d.dir/CheckSymbolExists.c.o   -c /home/vmuthuk2/Desktop/GEH_vvo_mqtt-test_Copy/GEH-slave-2/Broker/CMakeFiles/CMakeTmp/CheckSymbolExists.c
Linking C executable cmTC_6e03d
/usr/bin/cmake -E cmake_link_script CMakeFiles/cmTC_6e03d.dir/link.txt --verbose=1
/usr/bin/cc       CMakeFiles/cmTC_6e03d.dir/CheckSymbolExists.c.o  -o cmTC_6e03d -rdynamic 
CMakeFiles/cmTC_6e03d.dir/CheckSymbolExists.c.o: In function `main':
CheckSymbolExists.c:(.text+0x16): undefined reference to `pthread_create'
collect2: error: ld returned 1 exit status
CMakeFiles/cmTC_6e03d.dir/build.make:97: recipe for target 'cmTC_6e03d' failed
make[1]: *** [cmTC_6e03d] Error 1
make[1]: Leaving directory '/home/vmuthuk2/Desktop/GEH_vvo_mqtt-test_Copy/GEH-slave-2/Broker/CMakeFiles/CMakeTmp'
Makefile:126: recipe for target 'cmTC_6e03d/fast' failed
make: *** [cmTC_6e03d/fast] Error 2

File /home/vmuthuk2/Desktop/GEH_vvo_mqtt-test_Copy/GEH-slave-2/Broker/CMakeFiles/CMakeTmp/CheckSymbolExists.c:
/* */
#include <pthread.h>

int main(int argc, char** argv)
{
  (void)argv;
#ifndef pthread_create
  return ((int*)(&pthread_create))[argc];
#else
  (void)argc;
  return 0;
#endif
}

Determining if the function pthread_create exists in the pthreads failed with the following output:
Change Dir: /home/vmuthuk2/Desktop/GEH_vvo_mqtt-test_Copy/GEH-slave-2/Broker/CMakeFiles/CMakeTmp

Run Build Command:"/usr/bin/make" "cmTC_2dfd9/fast"
/usr/bin/make -f CMakeFiles/cmTC_2dfd9.dir/build.make CMakeFiles/cmTC_2dfd9.dir/build
make[1]: Entering directory '/home/vmuthuk2/Desktop/GEH_vvo_mqtt-test_Copy/GEH-slave-2/Broker/CMakeFiles/CMakeTmp'
Building C object CMakeFiles/cmTC_2dfd9.dir/CheckFunctionExists.c.o
/usr/bin/cc    -DCHECK_FUNCTION_EXISTS=pthread_create   -o CMakeFiles/cmTC_2dfd9.dir/CheckFunctionExists.c.o   -c /usr/share/cmake-3.5/Modules/CheckFunctionExists.c
Linking C executable cmTC_2dfd9
/usr/bin/cmake -E cmake_link_script CMakeFiles/cmTC_2dfd9.dir/link.txt --verbose=1
/usr/bin/cc   -DCHECK_FUNCTION_EXISTS=pthread_create    CMakeFiles/cmTC_2dfd9.dir/CheckFunctionExists.c.o  -o cmTC_2dfd9 -rdynamic -lpthreads 
/usr/bin/ld: cannot find -lpthreads
collect2: error: ld returned 1 exit status
CMakeFiles/cmTC_2dfd9.dir/build.make:97: recipe for target 'cmTC_2dfd9' failed
make[1]: *** [cmTC_2dfd9] Error 1
make[1]: Leaving directory '/home/vmuthuk2/Desktop/GEH_vvo_mqtt-test_Copy/GEH-slave-2/Broker/CMakeFiles/CMakeTmp'
Makefile:126: recipe for target 'cmTC_2dfd9/fast' failed
make: *** [cmTC_2dfd9/fast] Error 2


Determining if the pthread_create exist failed with the following output:
Change Dir: /root/GEH-slave-2/Broker/CMakeFiles/CMakeTmp

Run Build Command:"/usr/bin/make" "cmTC_c1435/fast"
/usr/bin/make -f CMakeFiles/cmTC_c1435.dir/build.make CMakeFiles/cmTC_c1435.dir/build
make[1]: Entering directory '/root/GEH-slave-2/Broker/CMakeFiles/CMakeTmp'
Building C object CMakeFiles/cmTC_c1435.dir/CheckSymbolExists.c.o
/usr/bin/cc     -o CMakeFiles/cmTC_c1435.dir/CheckSymbolExists.c.o   -c /root/GEH-slave-2/Broker/CMakeFiles/CMakeTmp/CheckSymbolExists.c
Linking C executable cmTC_c1435
/usr/bin/cmake -E cmake_link_script CMakeFiles/cmTC_c1435.dir/link.txt --verbose=1
/usr/bin/cc       CMakeFiles/cmTC_c1435.dir/CheckSymbolExists.c.o  -o cmTC_c1435 -rdynamic 
CMakeFiles/cmTC_c1435.dir/CheckSymbolExists.c.o: In function `main':
CheckSymbolExists.c:(.text+0x16): undefined reference to `pthread_create'
collect2: error: ld returned 1 exit status
CMakeFiles/cmTC_c1435.dir/build.make:97: recipe for target 'cmTC_c1435' failed
make[1]: *** [cmTC_c1435] Error 1
make[1]: Leaving directory '/root/GEH-slave-2/Broker/CMakeFiles/CMakeTmp'
Makefile:126: recipe for target 'cmTC_c1435/fast' failed
make: *** [cmTC_c1435/fast] Error 2

File /root/GEH-slave-2/Broker/CMakeFiles/CMakeTmp/CheckSymbolExists.c:
/* */
#include <pthread.h>

int main(int argc, char** argv)
{
  (void)argv;
#ifndef pthread_create
  return ((int*)(&pthread_create))[argc];
#else
  (void)argc;
  return 0;
#endif
}

Determining if the function pthread_create exists in the pthreads failed with the following output:
Change Dir: /root/GEH-slave-2/Broker/CMakeFiles/CMakeTmp

Run Build Command:"/usr/bin/make" "cmTC_eb97b/fast"
/usr/bin/make -f CMakeFiles/cmTC_eb97b.dir/build.make CMakeFiles/cmTC_eb97b.dir/build
make[1]: Entering directory '/root/GEH-slave-2/Broker/CMakeFiles/CMakeTmp'
Building C object CMakeFiles/cmTC_eb97b.dir/CheckFunctionExists.c.o
/usr/bin/cc    -DCHECK_FUNCTION_EXISTS=pthread_create   -o CMakeFiles/cmTC_eb97b.dir/CheckFunctionExists.c.o   -c /usr/share/cmake-3.5/Modules/CheckFunctionExists.c
Linking C executable cmTC_eb97b
/usr/bin/cmake -E cmake_link_script CMakeFiles/cmTC_eb97b.dir/link.txt --verbose=1
/usr/bin/cc   -DCHECK_FUNCTION_EXISTS=pthread_create    CMakeFiles/cmTC_eb97b.dir/CheckFunctionExists.c.o  -o cmTC_eb97b -rdynamic -lpthreads 
/usr/bin/ld: cannot find -lpthreads
collect2: error: ld returned 1 exit status
CMakeFiles/cmTC_eb97b.dir/build.make:97: recipe for target 'cmTC_eb97b' failed
make[1]: *** [cmTC_eb97b] Error 1
make[1]: Leaving directory '/root/GEH-slave-2/Broker/CMakeFiles/CMakeTmp'
Makefile:126: recipe for target 'cmTC_eb97b/fast' failed
make: *** [cmTC_eb97b/fast] Error 2


Determining if the pthread_create exist failed with the following output:
Change Dir: /root/GEH-slave-2/Broker/CMakeFiles/CMakeTmp

Run Build Command:"/usr/bin/make" "cmTC_e2d46/fast"
make[1]: Entering directory '/root/GEH-slave-2/Broker/CMakeFiles/CMakeTmp'
/usr/bin/make -f CMakeFiles/cmTC_e2d46.dir/build.make CMakeFiles/cmTC_e2d46.dir/build
make[2]: Entering directory '/root/GEH-slave-2/Broker/CMakeFiles/CMakeTmp'
Building C object CMakeFiles/cmTC_e2d46.dir/CheckSymbolExists.c.o
/usr/bin/cc     -o CMakeFiles/cmTC_e2d46.dir/CheckSymbolExists.c.o   -c /root/GEH-slave-2/Broker/CMakeFiles/CMakeTmp/CheckSymbolExists.c
Linking C executable cmTC_e2d46
/usr/bin/cmake -E cmake_link_script CMakeFiles/cmTC_e2d46.dir/link.txt --verbose=1
/usr/bin/cc       CMakeFiles/cmTC_e2d46.dir/CheckSymbolExists.c.o  -o cmTC_e2d46 -rdynamic 
CMakeFiles/cmTC_e2d46.dir/CheckSymbolExists.c.o: In function `main':
CheckSymbolExists.c:(.text+0x16): undefined reference to `pthread_create'
collect2: error: ld returned 1 exit status
CMakeFiles/cmTC_e2d46.dir/build.make:97: recipe for target 'cmTC_e2d46' failed
make[2]: *** [cmTC_e2d46] Error 1
make[2]: Leaving directory '/root/GEH-slave-2/Broker/CMakeFiles/CMakeTmp'
Makefile:126: recipe for target 'cmTC_e2d46/fast' failed
make[1]: *** [cmTC_e2d46/fast] Error 2
make[1]: Leaving directory '/root/GEH-slave-2/Broker/CMakeFiles/CMakeTmp'

File /root/GEH-slave-2/Broker/CMakeFiles/CMakeTmp/CheckSymbolExists.c:
/* */
#include <pthread.h>

int main(int argc, char** argv)
{
  (void)argv;
#ifndef pthread_create
  return ((int*)(&pthread_create))[argc];
#else
  (void)argc;
  return 0;
#endif
}

Determining if the function pthread_create exists in the pthreads failed with the following output:
Change Dir: /root/GEH-slave-2/Broker/CMakeFiles/CMakeTmp

Run Build Command:"/usr/bin/make" "cmTC_aa250/fast"
make[1]: Entering directory '/root/GEH-slave-2/Broker/CMakeFiles/CMakeTmp'
/usr/bin/make -f CMakeFiles/cmTC_aa250.dir/build.make CMakeFiles/cmTC_aa250.dir/build
make[2]: Entering directory '/root/GEH-slave-2/Broker/CMakeFiles/CMakeTmp'
Building C object CMakeFiles/cmTC_aa250.dir/CheckFunctionExists.c.o
/usr/bin/cc    -DCHECK_FUNCTION_EXISTS=pthread_create   -o CMakeFiles/cmTC_aa250.dir/CheckFunctionExists.c.o   -c /usr/share/cmake-3.5/Modules/CheckFunctionExists.c
Linking C executable cmTC_aa250
/usr/bin/cmake -E cmake_link_script CMakeFiles/cmTC_aa250.dir/link.txt --verbose=1
/usr/bin/cc   -DCHECK_FUNCTION_EXISTS=pthread_create    CMakeFiles/cmTC_aa250.dir/CheckFunctionExists.c.o  -o cmTC_aa250 -rdynamic -lpthreads 
/usr/bin/ld: cannot find -lpthreads
collect2: error: ld returned 1 exit status
CMakeFiles/cmTC_aa250.dir/build.make:97: recipe for target 'cmTC_aa250' failed
make[2]: *** [cmTC_aa250] Error 1
make[2]: Leaving directory '/root/GEH-slave-2/Broker/CMakeFiles/CMakeTmp'
Makefile:126: recipe for target 'cmTC_aa250/fast' failed
make[1]: *** [cmTC_aa250/fast] Error 2
make[1]: Leaving directory '/root/GEH-slave-2/Broker/CMakeFiles/CMakeTmp'


Determining if the pthread_create exist failed with the following output:
Change Dir: /root/GEH-slave-2/Broker/CMakeFiles/CMakeTmp

Run Build Command:"/usr/bin/make" "cmTC_d6d29/fast"
make[1]: Entering directory '/root/GEH-slave-2/Broker/CMakeFiles/CMakeTmp'
/usr/bin/make -f CMakeFiles/cmTC_d6d29.dir/build.make CMakeFiles/cmTC_d6d29.dir/build
make[2]: Entering directory '/root/GEH-slave-2/Broker/CMakeFiles/CMakeTmp'
Building C object CMakeFiles/cmTC_d6d29.dir/CheckSymbolExists.c.o
/usr/bin/cc     -o CMakeFiles/cmTC_d6d29.dir/CheckSymbolExists.c.o   -c /root/GEH-slave-2/Broker/CMakeFiles/CMakeTmp/CheckSymbolExists.c
Linking C executable cmTC_d6d29
/usr/bin/cmake -E cmake_link_script CMakeFiles/cmTC_d6d29.dir/link.txt --verbose=1
/usr/bin/cc       CMakeFiles/cmTC_d6d29.dir/CheckSymbolExists.c.o  -o cmTC_d6d29 -rdynamic 
CMakeFiles/cmTC_d6d29.dir/CheckSymbolExists.c.o: In function `main':
CheckSymbolExists.c:(.text+0x16): undefined reference to `pthread_create'
collect2: error: ld returned 1 exit status
CMakeFiles/cmTC_d6d29.dir/build.make:97: recipe for target 'cmTC_d6d29' failed
make[2]: *** [cmTC_d6d29] Error 1
make[2]: Leaving directory '/root/GEH-slave-2/Broker/CMakeFiles/CMakeTmp'
Makefile:126: recipe for target 'cmTC_d6d29/fast' failed
make[1]: *** [cmTC_d6d29/fast] Error 2
make[1]: Leaving directory '/root/GEH-slave-2/Broker/CMakeFiles/CMakeTmp'

File /root/GEH-slave-2/Broker/CMakeFiles/CMakeTmp/CheckSymbolExists.c:
/* */
#include <pthread.h>

int main(int argc, char** argv)
{
  (void)argv;
#ifndef pthread_create
  return ((int*)(&pthread_create))[argc];
#else
  (void)argc;
  return 0;
#endif
}

Determining if the function pthread_create exists in the pthreads failed with the following output:
Change Dir: /root/GEH-slave-2/Broker/CMakeFiles/CMakeTmp

Run Build Command:"/usr/bin/make" "cmTC_31ae0/fast"
make[1]: Entering directory '/root/GEH-slave-2/Broker/CMakeFiles/CMakeTmp'
/usr/bin/make -f CMakeFiles/cmTC_31ae0.dir/build.make CMakeFiles/cmTC_31ae0.dir/build
make[2]: Entering directory '/root/GEH-slave-2/Broker/CMakeFiles/CMakeTmp'
Building C object CMakeFiles/cmTC_31ae0.dir/CheckFunctionExists.c.o
/usr/bin/cc    -DCHECK_FUNCTION_EXISTS=pthread_create   -o CMakeFiles/cmTC_31ae0.dir/CheckFunctionExists.c.o   -c /usr/share/cmake-3.5/Modules/CheckFunctionExists.c
Linking C executable cmTC_31ae0
/usr/bin/cmake -E cmake_link_script CMakeFiles/cmTC_31ae0.dir/link.txt --verbose=1
/usr/bin/cc   -DCHECK_FUNCTION_EXISTS=pthread_create    CMakeFiles/cmTC_31ae0.dir/CheckFunctionExists.c.o  -o cmTC_31ae0 -rdynamic -lpthreads 
/usr/bin/ld: cannot find -lpthreads
collect2: error: ld returned 1 exit status
CMakeFiles/cmTC_31ae0.dir/build.make:97: recipe for target 'cmTC_31ae0' failed
make[2]: *** [cmTC_31ae0] Error 1
make[2]: Leaving directory '/root/GEH-slave-2/Broker/CMakeFiles/CMakeTmp'
Makefile:126: recipe for target 'cmTC_31ae0/fast' failed
make[1]: *** [cmTC_31ae0/fast] Error 2
make[1]: Leaving directory '/root/GEH-slave-2/Broker/CMakeFiles/CMakeTmp'


Determining if the pthread_create exist failed with the following output:
Change Dir: /home/vmuthuk2/Desktop/GEH-slave-2/Broker/CMakeFiles/CMakeTmp

Run Build Command:"/usr/bin/make" "cmTC_b459b/fast"
/usr/bin/make -f CMakeFiles/cmTC_b459b.dir/build.make CMakeFiles/cmTC_b459b.dir/build
make[1]: Entering directory '/home/vmuthuk2/Desktop/GEH-slave-2/Broker/CMakeFiles/CMakeTmp'
Building C object CMakeFiles/cmTC_b459b.dir/CheckSymbolExists.c.o
/usr/bin/cc     -o CMakeFiles/cmTC_b459b.dir/CheckSymbolExists.c.o   -c /home/vmuthuk2/Desktop/GEH-slave-2/Broker/CMakeFiles/CMakeTmp/CheckSymbolExists.c
Linking C executable cmTC_b459b
/usr/bin/cmake -E cmake_link_script CMakeFiles/cmTC_b459b.dir/link.txt --verbose=1
/usr/bin/cc       CMakeFiles/cmTC_b459b.dir/CheckSymbolExists.c.o  -o cmTC_b459b -rdynamic 
CMakeFiles/cmTC_b459b.dir/CheckSymbolExists.c.o: In function `main':
CheckSymbolExists.c:(.text+0x16): undefined reference to `pthread_create'
collect2: error: ld returned 1 exit status
CMakeFiles/cmTC_b459b.dir/build.make:97: recipe for target 'cmTC_b459b' failed
make[1]: *** [cmTC_b459b] Error 1
make[1]: Leaving directory '/home/vmuthuk2/Desktop/GEH-slave-2/Broker/CMakeFiles/CMakeTmp'
Makefile:126: recipe for target 'cmTC_b459b/fast' failed
make: *** [cmTC_b459b/fast] Error 2

File /home/vmuthuk2/Desktop/GEH-slave-2/Broker/CMakeFiles/CMakeTmp/CheckSymbolExists.c:
/* */
#include <pthread.h>

int main(int argc, char** argv)
{
  (void)argv;
#ifndef pthread_create
  return ((int*)(&pthread_create))[argc];
#else
  (void)argc;
  return 0;
#endif
}

Determining if the function pthread_create exists in the pthreads failed with the following output:
Change Dir: /home/vmuthuk2/Desktop/GEH-slave-2/Broker/CMakeFiles/CMakeTmp

Run Build Command:"/usr/bin/make" "cmTC_c611a/fast"
/usr/bin/make -f CMakeFiles/cmTC_c611a.dir/build.make CMakeFiles/cmTC_c611a.dir/build
make[1]: Entering directory '/home/vmuthuk2/Desktop/GEH-slave-2/Broker/CMakeFiles/CMakeTmp'
Building C object CMakeFiles/cmTC_c611a.dir/CheckFunctionExists.c.o
/usr/bin/cc    -DCHECK_FUNCTION_EXISTS=pthread_create   -o CMakeFiles/cmTC_c611a.dir/CheckFunctionExists.c.o   -c /usr/share/cmake-3.5/Modules/CheckFunctionExists.c
Linking C executable cmTC_c611a
/usr/bin/cmake -E cmake_link_script CMakeFiles/cmTC_c611a.dir/link.txt --verbose=1
/usr/bin/cc   -DCHECK_FUNCTION_EXISTS=pthread_create    CMakeFiles/cmTC_c611a.dir/CheckFunctionExists.c.o  -o cmTC_c611a -rdynamic -lpthreads 
/usr/bin/ld: cannot find -lpthreads
collect2: error: ld returned 1 exit status
CMakeFiles/cmTC_c611a.dir/build.make:97: recipe for target 'cmTC_c611a' failed
make[1]: *** [cmTC_c611a] Error 1
make[1]: Leaving directory '/home/vmuthuk2/Desktop/GEH-slave-2/Broker/CMakeFiles/CMakeTmp'
Makefile:126: recipe for target 'cmTC_c611a/fast' failed
make: *** [cmTC_c611a/fast] Error 2


Determining if the pthread_create exist failed with the following output:
Change Dir: /home/vmuthuk2/Desktop/GEH-slave-2/Broker/CMakeFiles/CMakeTmp

Run Build Command:"/usr/bin/make" "cmTC_a0e6c/fast"
/usr/bin/make -f CMakeFiles/cmTC_a0e6c.dir/build.make CMakeFiles/cmTC_a0e6c.dir/build
make[1]: Entering directory '/home/vmuthuk2/Desktop/GEH-slave-2/Broker/CMakeFiles/CMakeTmp'
Building C object CMakeFiles/cmTC_a0e6c.dir/CheckSymbolExists.c.o
/usr/bin/cc     -o CMakeFiles/cmTC_a0e6c.dir/CheckSymbolExists.c.o   -c /home/vmuthuk2/Desktop/GEH-slave-2/Broker/CMakeFiles/CMakeTmp/CheckSymbolExists.c
Linking C executable cmTC_a0e6c
/usr/bin/cmake -E cmake_link_script CMakeFiles/cmTC_a0e6c.dir/link.txt --verbose=1
/usr/bin/cc       CMakeFiles/cmTC_a0e6c.dir/CheckSymbolExists.c.o  -o cmTC_a0e6c -rdynamic 
CMakeFiles/cmTC_a0e6c.dir/CheckSymbolExists.c.o: In function `main':
CheckSymbolExists.c:(.text+0x16): undefined reference to `pthread_create'
collect2: error: ld returned 1 exit status
CMakeFiles/cmTC_a0e6c.dir/build.make:97: recipe for target 'cmTC_a0e6c' failed
make[1]: *** [cmTC_a0e6c] Error 1
make[1]: Leaving directory '/home/vmuthuk2/Desktop/GEH-slave-2/Broker/CMakeFiles/CMakeTmp'
Makefile:126: recipe for target 'cmTC_a0e6c/fast' failed
make: *** [cmTC_a0e6c/fast] Error 2

File /home/vmuthuk2/Desktop/GEH-slave-2/Broker/CMakeFiles/CMakeTmp/CheckSymbolExists.c:
/* */
#include <pthread.h>

int main(int argc, char** argv)
{
  (void)argv;
#ifndef pthread_create
  return ((int*)(&pthread_create))[argc];
#else
  (void)argc;
  return 0;
#endif
}

Determining if the function pthread_create exists in the pthreads failed with the following output:
Change Dir: /home/vmuthuk2/Desktop/GEH-slave-2/Broker/CMakeFiles/CMakeTmp

Run Build Command:"/usr/bin/make" "cmTC_fd340/fast"
/usr/bin/make -f CMakeFiles/cmTC_fd340.dir/build.make CMakeFiles/cmTC_fd340.dir/build
make[1]: Entering directory '/home/vmuthuk2/Desktop/GEH-slave-2/Broker/CMakeFiles/CMakeTmp'
Building C object CMakeFiles/cmTC_fd340.dir/CheckFunctionExists.c.o
/usr/bin/cc    -DCHECK_FUNCTION_EXISTS=pthread_create   -o CMakeFiles/cmTC_fd340.dir/CheckFunctionExists.c.o   -c /usr/share/cmake-3.5/Modules/CheckFunctionExists.c
Linking C executable cmTC_fd340
/usr/bin/cmake -E cmake_link_script CMakeFiles/cmTC_fd340.dir/link.txt --verbose=1
/usr/bin/cc   -DCHECK_FUNCTION_EXISTS=pthread_create    CMakeFiles/cmTC_fd340.dir/CheckFunctionExists.c.o  -o cmTC_fd340 -rdynamic -lpthreads 
/usr/bin/ld: cannot find -lpthreads
collect2: error: ld returned 1 exit status
CMakeFiles/cmTC_fd340.dir/build.make:97: recipe for target 'cmTC_fd340' failed
make[1]: *** [cmTC_fd340] Error 1
make[1]: Leaving directory '/home/vmuthuk2/Desktop/GEH-slave-2/Broker/CMakeFiles/CMakeTmp'
Makefile:126: recipe for target 'cmTC_fd340/fast' failed
make: *** [cmTC_fd340/fast] Error 2


Determining if the pthread_create exist failed with the following output:
Change Dir: /home/vmuthuk2/Desktop/GEH-slave-2/Broker/CMakeFiles/CMakeTmp

Run Build Command:"/usr/bin/make" "cmTC_00096/fast"
/usr/bin/make -f CMakeFiles/cmTC_00096.dir/build.make CMakeFiles/cmTC_00096.dir/build
make[1]: Entering directory '/home/vmuthuk2/Desktop/GEH-slave-2/Broker/CMakeFiles/CMakeTmp'
Building C object CMakeFiles/cmTC_00096.dir/CheckSymbolExists.c.o
/usr/bin/cc     -o CMakeFiles/cmTC_00096.dir/CheckSymbolExists.c.o   -c /home/vmuthuk2/Desktop/GEH-slave-2/Broker/CMakeFiles/CMakeTmp/CheckSymbolExists.c
Linking C executable cmTC_00096
/usr/bin/cmake -E cmake_link_script CMakeFiles/cmTC_00096.dir/link.txt --verbose=1
/usr/bin/cc       CMakeFiles/cmTC_00096.dir/CheckSymbolExists.c.o  -o cmTC_00096 -rdynamic 
CMakeFiles/cmTC_00096.dir/CheckSymbolExists.c.o: In function `main':
CheckSymbolExists.c:(.text+0x16): undefined reference to `pthread_create'
collect2: error: ld returned 1 exit status
CMakeFiles/cmTC_00096.dir/build.make:97: recipe for target 'cmTC_00096' failed
make[1]: *** [cmTC_00096] Error 1
make[1]: Leaving directory '/home/vmuthuk2/Desktop/GEH-slave-2/Broker/CMakeFiles/CMakeTmp'
Makefile:126: recipe for target 'cmTC_00096/fast' failed
make: *** [cmTC_00096/fast] Error 2

File /home/vmuthuk2/Desktop/GEH-slave-2/Broker/CMakeFiles/CMakeTmp/CheckSymbolExists.c:
/* */
#include <pthread.h>

int main(int argc, char** argv)
{
  (void)argv;
#ifndef pthread_create
  return ((int*)(&pthread_create))[argc];
#else
  (void)argc;
  return 0;
#endif
}

Determining if the function pthread_create exists in the pthreads failed with the following output:
Change Dir: /home/vmuthuk2/Desktop/GEH-slave-2/Broker/CMakeFiles/CMakeTmp

Run Build Command:"/usr/bin/make" "cmTC_b912c/fast"
/usr/bin/make -f CMakeFiles/cmTC_b912c.dir/build.make CMakeFiles/cmTC_b912c.dir/build
make[1]: Entering directory '/home/vmuthuk2/Desktop/GEH-slave-2/Broker/CMakeFiles/CMakeTmp'
Building C object CMakeFiles/cmTC_b912c.dir/CheckFunctionExists.c.o
/usr/bin/cc    -DCHECK_FUNCTION_EXISTS=pthread_create   -o CMakeFiles/cmTC_b912c.dir/CheckFunctionExists.c.o   -c /usr/share/cmake-3.5/Modules/CheckFunctionExists.c
Linking C executable cmTC_b912c
/usr/bin/cmake -E cmake_link_script CMakeFiles/cmTC_b912c.dir/link.txt --verbose=1
/usr/bin/cc   -DCHECK_FUNCTION_EXISTS=pthread_create    CMakeFiles/cmTC_b912c.dir/CheckFunctionExists.c.o  -o cmTC_b912c -rdynamic -lpthreads 
/usr/bin/ld: cannot find -lpthreads
collect2: error: ld returned 1 exit status
CMakeFiles/cmTC_b912c.dir/build.make:97: recipe for target 'cmTC_b912c' failed
make[1]: *** [cmTC_b912c] Error 1
make[1]: Leaving directory '/home/vmuthuk2/Desktop/GEH-slave-2/Broker/CMakeFiles/CMakeTmp'
Makefile:126: recipe for target 'cmTC_b912c/fast' failed
make: *** [cmTC_b912c/fast] Error 2


Determining if the pthread_create exist failed with the following output:
Change Dir: /home/vmuthuk2/Desktop/GEH-slave-3/Broker/CMakeFiles/CMakeTmp

Run Build Command:"/usr/bin/make" "cmTC_39de3/fast"
/usr/bin/make -f CMakeFiles/cmTC_39de3.dir/build.make CMakeFiles/cmTC_39de3.dir/build
make[1]: Entering directory '/home/vmuthuk2/Desktop/GEH-slave-3/Broker/CMakeFiles/CMakeTmp'
Building C object CMakeFiles/cmTC_39de3.dir/CheckSymbolExists.c.o
/usr/bin/cc     -o CMakeFiles/cmTC_39de3.dir/CheckSymbolExists.c.o   -c /home/vmuthuk2/Desktop/GEH-slave-3/Broker/CMakeFiles/CMakeTmp/CheckSymbolExists.c
Linking C executable cmTC_39de3
/usr/bin/cmake -E cmake_link_script CMakeFiles/cmTC_39de3.dir/link.txt --verbose=1
/usr/bin/cc       CMakeFiles/cmTC_39de3.dir/CheckSymbolExists.c.o  -o cmTC_39de3 -rdynamic 
CMakeFiles/cmTC_39de3.dir/CheckSymbolExists.c.o: In function `main':
CheckSymbolExists.c:(.text+0x16): undefined reference to `pthread_create'
collect2: error: ld returned 1 exit status
CMakeFiles/cmTC_39de3.dir/build.make:97: recipe for target 'cmTC_39de3' failed
make[1]: *** [cmTC_39de3] Error 1
make[1]: Leaving directory '/home/vmuthuk2/Desktop/GEH-slave-3/Broker/CMakeFiles/CMakeTmp'
Makefile:126: recipe for target 'cmTC_39de3/fast' failed
make: *** [cmTC_39de3/fast] Error 2

File /home/vmuthuk2/Desktop/GEH-slave-3/Broker/CMakeFiles/CMakeTmp/CheckSymbolExists.c:
/* */
#include <pthread.h>

int main(int argc, char** argv)
{
  (void)argv;
#ifndef pthread_create
  return ((int*)(&pthread_create))[argc];
#else
  (void)argc;
  return 0;
#endif
}

Determining if the function pthread_create exists in the pthreads failed with the following output:
Change Dir: /home/vmuthuk2/Desktop/GEH-slave-3/Broker/CMakeFiles/CMakeTmp

Run Build Command:"/usr/bin/make" "cmTC_eb572/fast"
/usr/bin/make -f CMakeFiles/cmTC_eb572.dir/build.make CMakeFiles/cmTC_eb572.dir/build
make[1]: Entering directory '/home/vmuthuk2/Desktop/GEH-slave-3/Broker/CMakeFiles/CMakeTmp'
Building C object CMakeFiles/cmTC_eb572.dir/CheckFunctionExists.c.o
/usr/bin/cc    -DCHECK_FUNCTION_EXISTS=pthread_create   -o CMakeFiles/cmTC_eb572.dir/CheckFunctionExists.c.o   -c /usr/share/cmake-3.5/Modules/CheckFunctionExists.c
Linking C executable cmTC_eb572
/usr/bin/cmake -E cmake_link_script CMakeFiles/cmTC_eb572.dir/link.txt --verbose=1
/usr/bin/cc   -DCHECK_FUNCTION_EXISTS=pthread_create    CMakeFiles/cmTC_eb572.dir/CheckFunctionExists.c.o  -o cmTC_eb572 -rdynamic -lpthreads 
/usr/bin/ld: cannot find -lpthreads
collect2: error: ld returned 1 exit status
CMakeFiles/cmTC_eb572.dir/build.make:97: recipe for target 'cmTC_eb572' failed
make[1]: *** [cmTC_eb572] Error 1
make[1]: Leaving directory '/home/vmuthuk2/Desktop/GEH-slave-3/Broker/CMakeFiles/CMakeTmp'
Makefile:126: recipe for target 'cmTC_eb572/fast' failed
make: *** [cmTC_eb572/fast] Error 2


